Using pre-set license
Built from '2020.3/release' branch; Version is '2020.3.7f1 (dd97f2c94397) revision 14522354'; Using compiler version '192528614'; Build Type 'Release'
OS: 'Windows 10 Pro; OS build 19043.1348; Version 2009; 64bit' Language: 'es' Physical Memory: 16334 MB
BatchMode: 1, IsHumanControllingUs: 0, StartBugReporterOnCrash: 0, Is64bit: 1, IsPro: 0

 COMMAND LINE ARGUMENTS:
C:\Program Files\Unity\Hub\Editor\2020.3.7f1\Editor\Unity.exe
-adb2
-batchMode
-noUpm
-name
AssetImportWorker0
-projectPath
D:/Documentos/TFMTheSorcerer
-logFile
Logs/AssetImportWorker0.log
-srvPort
63600
Successfully changed project path to: D:/Documentos/TFMTheSorcerer
D:/Documentos/TFMTheSorcerer
Using Asset Import Pipeline V2.
Refreshing native plugins compatible for Editor in 76.41 ms, found 3 plugins.
Preloading 0 native plugins for Editor in 0.00 ms.
Initialize engine version: 2020.3.7f1 (dd97f2c94397)
[Subsystems] Discovering subsystems at path C:/Program Files/Unity/Hub/Editor/2020.3.7f1/Editor/Data/Resources/UnitySubsystems
[Subsystems] Discovering subsystems at path D:/Documentos/TFMTheSorcerer/Assets
GfxDevice: creating device client; threaded=0
Direct3D:
    Version:  Direct3D 11.0 [level 11.1]
    Renderer: Radeon RX 590 Series (ID=0x67df)
    Vendor:   
    VRAM:     8171 MB
    Driver:   30.0.13037.1003
Initialize mono
Mono path[0] = 'C:/Program Files/Unity/Hub/Editor/2020.3.7f1/Editor/Data/Managed'
Mono path[1] = 'C:/Program Files/Unity/Hub/Editor/2020.3.7f1/Editor/Data/MonoBleedingEdge/lib/mono/unityjit'
Mono config path = 'C:/Program Files/Unity/Hub/Editor/2020.3.7f1/Editor/Data/MonoBleedingEdge/etc'
Using monoOptions --debugger-agent=transport=dt_socket,embedding=1,server=y,suspend=n,address=127.0.0.1:56868
Begin MonoManager ReloadAssembly
Registering precompiled unity dll's ...
Register platform support module: C:/Program Files/Unity/Hub/Editor/2020.3.7f1/Editor/Data/PlaybackEngines/WindowsStandaloneSupport/UnityEditor.WindowsStandalone.Extensions.dll
Registered in 0.001802 seconds.
Native extension for WindowsStandalone target not found
Refreshing native plugins compatible for Editor in 82.42 ms, found 3 plugins.
Preloading 0 native plugins for Editor in 0.00 ms.
Mono: successfully reloaded assembly
- Completed reload, in  1.729 seconds
Platform modules already initialized, skipping
Registering precompiled user dll's ...
Registered in 0.004868 seconds.
Begin MonoManager ReloadAssembly
Native extension for WindowsStandalone target not found
Refreshing native plugins compatible for Editor in 76.29 ms, found 3 plugins.
Preloading 0 native plugins for Editor in 0.00 ms.
Mono: successfully reloaded assembly
- Completed reload, in  1.045 seconds
Platform modules already initialized, skipping
========================================================================
Worker process is ready to serve import requests
Launched and connected shader compiler UnityShaderCompiler.exe after 0.05 seconds
Refreshing native plugins compatible for Editor in 1.19 ms, found 3 plugins.
Preloading 0 native plugins for Editor in 0.00 ms.
Unloading 2236 Unused Serialized files (Serialized files now loaded: 0)
System memory in use before: 100.0 MB.
System memory in use after: 100.0 MB.

Unloading 31 unused Assets to reduce memory usage. Loaded Objects now: 2671.
Total: 2.410400 ms (FindLiveObjects: 0.317900 ms CreateObjectMapping: 0.058000 ms MarkObjects: 1.917900 ms  DeleteObjects: 0.115600 ms)

========================================================================
Received Import Request.
  path: Assets/Scriptas/Enemies/Dogo/EyeDectect.cs
  artifactKey: Guid(5e17fde8224a01746904dc20a546cf70) Importer(815301076,1909f56bfc062723c751e8b465ee728b)
Start importing Assets/Scriptas/Enemies/Dogo/EyeDectect.cs using Guid(5e17fde8224a01746904dc20a546cf70) Importer(815301076,1909f56bfc062723c751e8b465ee728b)  -> (artifact id: 'be32d88aec87650f79d645ddc84d4644') in 0.046204 seconds
  Import took 0.050006 seconds .

========================================================================
Received Import Request.
  Time since last request: 75.324610 seconds.
  path: Assets/Scriptas/Enemies/Dogo/EyeDectect.cs
  artifactKey: Guid(5e17fde8224a01746904dc20a546cf70) Importer(815301076,1909f56bfc062723c751e8b465ee728b)
Start importing Assets/Scriptas/Enemies/Dogo/EyeDectect.cs using Guid(5e17fde8224a01746904dc20a546cf70) Importer(815301076,1909f56bfc062723c751e8b465ee728b)  -> (artifact id: 'a82faab071284a65bcbe29e3cc5c7855') in 0.020541 seconds
  Import took 0.024349 seconds .

========================================================================
Received Prepare
Registering precompiled user dll's ...
Registered in 0.004031 seconds.
Begin MonoManager ReloadAssembly
Native extension for WindowsStandalone target not found
Refreshing native plugins compatible for Editor in 1.04 ms, found 3 plugins.
Preloading 0 native plugins for Editor in 0.00 ms.
Mono: successfully reloaded assembly
- Completed reload, in  0.834 seconds
Platform modules already initialized, skipping
Refreshing native plugins compatible for Editor in 0.96 ms, found 3 plugins.
Preloading 0 native plugins for Editor in 0.00 ms.
Unloading 2228 Unused Serialized files (Serialized files now loaded: 0)
System memory in use before: 99.7 MB.
System memory in use after: 99.7 MB.

Unloading 20 unused Assets to reduce memory usage. Loaded Objects now: 2673.
Total: 2.559700 ms (FindLiveObjects: 0.292100 ms CreateObjectMapping: 0.060100 ms MarkObjects: 2.113700 ms  DeleteObjects: 0.092300 ms)

========================================================================
Received Prepare
Registering precompiled user dll's ...
Registered in 0.004559 seconds.
Begin MonoManager ReloadAssembly
Native extension for WindowsStandalone target not found
Refreshing native plugins compatible for Editor in 1.00 ms, found 3 plugins.
Preloading 0 native plugins for Editor in 0.00 ms.
Mono: successfully reloaded assembly
- Completed reload, in  0.840 seconds
Platform modules already initialized, skipping
Refreshing native plugins compatible for Editor in 0.97 ms, found 3 plugins.
Preloading 0 native plugins for Editor in 0.00 ms.
Unloading 2228 Unused Serialized files (Serialized files now loaded: 0)
System memory in use before: 99.7 MB.
System memory in use after: 99.8 MB.

Unloading 20 unused Assets to reduce memory usage. Loaded Objects now: 2675.
Total: 2.082400 ms (FindLiveObjects: 0.267000 ms CreateObjectMapping: 0.049500 ms MarkObjects: 1.686800 ms  DeleteObjects: 0.078400 ms)

========================================================================
Received Prepare
Registering precompiled user dll's ...
Registered in 0.003934 seconds.
Begin MonoManager ReloadAssembly
Native extension for WindowsStandalone target not found
Refreshing native plugins compatible for Editor in 0.98 ms, found 3 plugins.
Preloading 0 native plugins for Editor in 0.00 ms.
Mono: successfully reloaded assembly
- Completed reload, in  0.836 seconds
Platform modules already initialized, skipping
Refreshing native plugins compatible for Editor in 0.99 ms, found 3 plugins.
Preloading 0 native plugins for Editor in 0.00 ms.
Unloading 2228 Unused Serialized files (Serialized files now loaded: 0)
System memory in use before: 99.8 MB.
System memory in use after: 99.8 MB.

Unloading 20 unused Assets to reduce memory usage. Loaded Objects now: 2677.
Total: 2.180300 ms (FindLiveObjects: 0.248600 ms CreateObjectMapping: 0.051800 ms MarkObjects: 1.790300 ms  DeleteObjects: 0.088500 ms)

========================================================================
Received Import Request.
  Time since last request: 162.267846 seconds.
  path: Assets/Scriptas/Enemies/Dogo/DogosBehaveur.cs
  artifactKey: Guid(577cfafb483d0e14483a9e6c77f31225) Importer(815301076,1909f56bfc062723c751e8b465ee728b)
Start importing Assets/Scriptas/Enemies/Dogo/DogosBehaveur.cs using Guid(577cfafb483d0e14483a9e6c77f31225) Importer(815301076,1909f56bfc062723c751e8b465ee728b)  -> (artifact id: '4642ce4f4faecf57dcf445144aa3e1b4') in 0.024074 seconds
  Import took 0.028403 seconds .

========================================================================
Received Prepare
Registering precompiled user dll's ...
Registered in 0.003632 seconds.
Begin MonoManager ReloadAssembly
Native extension for WindowsStandalone target not found
Refreshing native plugins compatible for Editor in 1.03 ms, found 3 plugins.
Preloading 0 native plugins for Editor in 0.00 ms.
Mono: successfully reloaded assembly
- Completed reload, in  0.813 seconds
Platform modules already initialized, skipping
Refreshing native plugins compatible for Editor in 0.99 ms, found 3 plugins.
Preloading 0 native plugins for Editor in 0.00 ms.
Unloading 2228 Unused Serialized files (Serialized files now loaded: 0)
System memory in use before: 99.9 MB.
System memory in use after: 99.9 MB.

Unloading 20 unused Assets to reduce memory usage. Loaded Objects now: 2679.
Total: 2.120800 ms (FindLiveObjects: 0.258500 ms CreateObjectMapping: 0.058700 ms MarkObjects: 1.722400 ms  DeleteObjects: 0.080000 ms)

========================================================================
Received Import Request.
  Time since last request: 101.065519 seconds.
  path: Assets/Scriptas/Enemies/Dogo/DogosBehaveur.cs
  artifactKey: Guid(577cfafb483d0e14483a9e6c77f31225) Importer(815301076,1909f56bfc062723c751e8b465ee728b)
Start importing Assets/Scriptas/Enemies/Dogo/DogosBehaveur.cs using Guid(577cfafb483d0e14483a9e6c77f31225) Importer(815301076,1909f56bfc062723c751e8b465ee728b)  -> (artifact id: 'acdb818a67bf758c201026ea0d36dce9') in 0.023226 seconds
  Import took 0.027332 seconds .

========================================================================
Received Import Request.
  Time since last request: 23.483477 seconds.
  path: Assets/Scriptas/Enemies/Dogo/DogosBehaveur.cs
  artifactKey: Guid(577cfafb483d0e14483a9e6c77f31225) Importer(815301076,1909f56bfc062723c751e8b465ee728b)
Start importing Assets/Scriptas/Enemies/Dogo/DogosBehaveur.cs using Guid(577cfafb483d0e14483a9e6c77f31225) Importer(815301076,1909f56bfc062723c751e8b465ee728b)  -> (artifact id: '31e3ac312d51d4e5ac5bb8f820e3b04f') in 0.020845 seconds
  Import took 0.024886 seconds .

========================================================================
Received Prepare
Registering precompiled user dll's ...
Registered in 0.004025 seconds.
Begin MonoManager ReloadAssembly
Native extension for WindowsStandalone target not found
Refreshing native plugins compatible for Editor in 0.99 ms, found 3 plugins.
Preloading 0 native plugins for Editor in 0.00 ms.
Mono: successfully reloaded assembly
- Completed reload, in  0.827 seconds
Platform modules already initialized, skipping
Refreshing native plugins compatible for Editor in 1.00 ms, found 3 plugins.
Preloading 0 native plugins for Editor in 0.00 ms.
Unloading 2228 Unused Serialized files (Serialized files now loaded: 0)
System memory in use before: 99.9 MB.
System memory in use after: 99.9 MB.

Unloading 20 unused Assets to reduce memory usage. Loaded Objects now: 2681.
Total: 2.528700 ms (FindLiveObjects: 0.284700 ms CreateObjectMapping: 0.061400 ms MarkObjects: 2.086800 ms  DeleteObjects: 0.094600 ms)

========================================================================
Received Import Request.
  Time since last request: 8.808826 seconds.
  path: Assets/prefaba/Doguitos/Dogo 4.prefab
  artifactKey: Guid(8273f61bb646e584eb63de539abbfa3b) Importer(815301076,1909f56bfc062723c751e8b465ee728b)
Start importing Assets/prefaba/Doguitos/Dogo 4.prefab using Guid(8273f61bb646e584eb63de539abbfa3b) Importer(815301076,1909f56bfc062723c751e8b465ee728b)  -> (artifact id: 'd3f48d5786f23be6515dc29eacff842b') in 0.124476 seconds
  Import took 0.130777 seconds .

AssetImportWorkerClient::OnTransportError - code=2 error=End of file
